2022-12-22T07:55:02+00:00 CRITICAL syntax error, unexpected token ";" in /var/www/html/wp-content/themes/wooinnowise/inc/class-woostudy-menu-navbar.php on line 120

2022-12-22T10:02:13+00:00 CRITICAL syntax error, unexpected identifier "do_action" in /var/www/html/wp-content/themes/wooinnowise/woocommerce/content-product-cat.php on line 60

2022-12-22T14:18:02+00:00 CRITICAL Uncaught Error: Failed opening required '/var/www/html/wp-content/themes/wooinnowise/inc/cpt.php' (include_path='.:/usr/local/lib/php') in /var/www/html/wp-content/themes/wooinnowise/functions.php:43
Stack trace:
#0 /var/www/html/wp-settings.php(585): include()
#1 /var/www/html/wp-config.php(98): require_once('/var/www/html/w...')
#2 /var/www/html/wp-load.php(50): require_once('/var/www/html/w...')
#3 /var/www/html/wp-admin/admin.php(34): require_once('/var/www/html/w...')
#4 /var/www/html/wp-admin/themes.php(10): require_once('/var/www/html/w...')
#5 {main}
  thrown in /var/www/html/wp-content/themes/wooinnowise/functions.php on line 43

2022-12-22T14:18:12+00:00 CRITICAL Uncaught Error: Failed opening required '/var/www/html/wp-content/themes/wooinnowise/inc/cpt.php' (include_path='.:/usr/local/lib/php') in /var/www/html/wp-content/themes/wooinnowise/functions.php:43
Stack trace:
#0 /var/www/html/wp-settings.php(585): include()
#1 /var/www/html/wp-config.php(98): require_once('/var/www/html/w...')
#2 /var/www/html/wp-load.php(50): require_once('/var/www/html/w...')
#3 /var/www/html/wp-admin/admin.php(34): require_once('/var/www/html/w...')
#4 /var/www/html/wp-admin/themes.php(10): require_once('/var/www/html/w...')
#5 {main}
  thrown in /var/www/html/wp-content/themes/wooinnowise/functions.php on line 43

2022-12-22T14:20:39+00:00 CRITICAL Uncaught Error: Failed opening required '/var/www/html/wp-content/themes/wooinnowise/inc/cpt.php' (include_path='.:/usr/local/lib/php') in /var/www/html/wp-content/themes/wooinnowise/functions.php:43
Stack trace:
#0 /var/www/html/wp-settings.php(585): include()
#1 /var/www/html/wp-config.php(98): require_once('/var/www/html/w...')
#2 /var/www/html/wp-load.php(50): require_once('/var/www/html/w...')
#3 /var/www/html/wp-blog-header.php(13): require_once('/var/www/html/w...')
#4 /var/www/html/index.php(17): require('/var/www/html/w...')
#5 {main}
  thrown in /var/www/html/wp-content/themes/wooinnowise/functions.php on line 43

